{"C:\\Users\\mateo\\Desktop\\lab_05\\lab05-calculadora01\\src\\ValidadorString\\validador.js": {"path":"C:\\Users\\mateo\\Desktop\\lab_05\\lab05-calculadora01\\src\\ValidadorString\\validador.js","statementMap":{"0":{"start":{"line":2,"column":16},"end":{"line":7,"column":1}},"1":{"start":{"line":3,"column":2},"end":{"line":5,"column":3}},"2":{"start":{"line":4,"column":4},"end":{"line":4,"column":29}},"3":{"start":{"line":6,"column":2},"end":{"line":6,"column":27}},"4":{"start":{"line":10,"column":22},"end":{"line":13,"column":1}},"5":{"start":{"line":11,"column":16},"end":{"line":11,"column":44}},"6":{"start":{"line":12,"column":2},"end":{"line":12,"column":27}},"7":{"start":{"line":16,"column":23},"end":{"line":19,"column":1}},"8":{"start":{"line":17,"column":2},"end":{"line":17,"column":46}},"9":{"start":{"line":17,"column":37},"end":{"line":17,"column":46}},"10":{"start":{"line":18,"column":2},"end":{"line":18,"column":42}},"11":{"start":{"line":22,"column":20},"end":{"line":22,"column":50}},"12":{"start":{"line":22,"column":31},"end":{"line":22,"column":50}},"13":{"start":{"line":24,"column":0},"end":{"line":29,"column":2}}},"fnMap":{"0":{"name":"(anonymous_0)","decl":{"start":{"line":2,"column":16},"end":{"line":2,"column":17}},"loc":{"start":{"line":2,"column":28},"end":{"line":7,"column":1}},"line":2},"1":{"name":"(anonymous_1)","decl":{"start":{"line":10,"column":22},"end":{"line":10,"column":23}},"loc":{"start":{"line":10,"column":33},"end":{"line":13,"column":1}},"line":10},"2":{"name":"(anonymous_2)","decl":{"start":{"line":16,"column":23},"end":{"line":16,"column":24}},"loc":{"start":{"line":16,"column":34},"end":{"line":19,"column":1}},"line":16},"3":{"name":"(anonymous_3)","decl":{"start":{"line":22,"column":20},"end":{"line":22,"column":21}},"loc":{"start":{"line":22,"column":31},"end":{"line":22,"column":50}},"line":22}},"branchMap":{"0":{"loc":{"start":{"line":3,"column":2},"end":{"line":5,"column":3}},"type":"if","locations":[{"start":{"line":3,"column":2},"end":{"line":5,"column":3}},{"start":{},"end":{}}],"line":3},"1":{"loc":{"start":{"line":3,"column":6},"end":{"line":3,"column":37}},"type":"binary-expr","locations":[{"start":{"line":3,"column":6},"end":{"line":3,"column":13}},{"start":{"line":3,"column":17},"end":{"line":3,"column":37}}],"line":3},"2":{"loc":{"start":{"line":17,"column":2},"end":{"line":17,"column":46}},"type":"if","locations":[{"start":{"line":17,"column":2},"end":{"line":17,"column":46}},{"start":{},"end":{}}],"line":17},"3":{"loc":{"start":{"line":17,"column":6},"end":{"line":17,"column":35}},"type":"binary-expr","locations":[{"start":{"line":17,"column":6},"end":{"line":17,"column":12}},{"start":{"line":17,"column":16},"end":{"line":17,"column":35}}],"line":17}},"s":{"0":1,"1":5,"2":4,"3":1,"4":1,"5":11,"6":11,"7":1,"8":7,"9":3,"10":4,"11":1,"12":4,"13":1},"f":{"0":5,"1":11,"2":7,"3":4},"b":{"0":[4,1],"1":[5,2],"2":[3,4],"3":[7,5]},"_coverageSchema":"1a1c01bbd47fc00a2c39e90264f33305004495a9","hash":"bb7b28f8ac832606cf91d8dbee687bbef43893bf"}
,"C:\\Users\\mateo\\Desktop\\lab_05\\lab05-calculadora01\\src\\calculadora\\calculadora.js": {"path":"C:\\Users\\mateo\\Desktop\\lab_05\\lab05-calculadora01\\src\\calculadora\\calculadora.js","statementMap":{"0":{"start":{"line":2,"column":2},"end":{"line":2,"column":15}},"1":{"start":{"line":5,"column":0},"end":{"line":5,"column":26}}},"fnMap":{"0":{"name":"suma","decl":{"start":{"line":1,"column":9},"end":{"line":1,"column":13}},"loc":{"start":{"line":1,"column":20},"end":{"line":3,"column":1}},"line":1}},"branchMap":{},"s":{"0":1,"1":1},"f":{"0":1},"b":{},"_coverageSchema":"1a1c01bbd47fc00a2c39e90264f33305004495a9","hash":"d33789adbbb6212b1b65366327b039b492c06412"}
}
