TN:
SF:src\ValidadorString\validador.js
FN:2,(anonymous_0)
FN:10,(anonymous_1)
FN:16,(anonymous_2)
FN:22,(anonymous_3)
FNF:4
FNH:4
FNDA:5,(anonymous_0)
FNDA:11,(anonymous_1)
FNDA:7,(anonymous_2)
FNDA:4,(anonymous_3)
DA:2,1
DA:3,5
DA:4,4
DA:6,1
DA:10,1
DA:11,11
DA:12,11
DA:16,1
DA:17,7
DA:18,4
DA:22,4
DA:24,1
LF:12
LH:12
BRDA:3,0,0,4
BRDA:3,0,1,1
BRDA:3,1,0,5
BRDA:3,1,1,2
BRDA:17,2,0,3
BRDA:17,2,1,4
BRDA:17,3,0,7
BRDA:17,3,1,5
BRF:8
BRH:8
end_of_record
TN:
SF:src\calculadora\calculadora.js
FN:1,suma
FNF:1
FNH:1
FNDA:1,suma
DA:2,1
DA:5,1
LF:2
LH:2
BRF:0
BRH:0
end_of_record
